C51 COMPILER V9.54   IIC                                                                   09/03/2016 16:53:57 PAGE 1   


C51 COMPILER V9.54, COMPILATION OF MODULE IIC
OBJECT MODULE PLACED IN .\Objects\iic.obj
COMPILER INVOKED BY: h:\Keil_v5\C51\BIN\C51.EXE iic.c OPTIMIZE(8,SPEED) BROWSE DEBUG OBJECTEXTEND PRINT(.\Listings\iic.l
                    -st) OBJECT(.\Objects\iic.obj)

line level    source

   1          #include "iic.h"
   2          
   3          
   4          extern u8 BUF[8];       //数据缓存
   5          
   6          
   7          /**************************************
   8          起始信号
   9          **************************************/
  10          void QMC5883_Start()
  11          {
  12   1          SDA = 1;                    //拉高数据线
  13   1          SCL = 1;                    //拉高时钟线
  14   1          Delay_5us();                 //延时
  15   1          SDA = 0;                    //产生下降沿
  16   1          Delay_5us();                 //延时
  17   1          SCL = 0;                    //拉低时钟线
  18   1      }
  19          
  20          /**************************************
  21          停止信号
  22          **************************************/
  23          void QMC5883_Stop()
  24          {
  25   1          SDA = 0;                    //拉低数据线
  26   1          SCL = 1;                    //拉高时钟线
  27   1          Delay_5us();                 //延时
  28   1          SDA = 1;                    //产生上升沿
  29   1          Delay_5us();                 //延时
  30   1      }
  31          
  32          /**************************************
  33          发送应答信号
  34          入口参数:ack (0:ACK 1:NAK)
  35          **************************************/
  36          void QMC5883_SendACK(bit ack)
  37          {
  38   1          SDA = ack;                  //写应答信号
  39   1          SCL = 1;                    //拉高时钟线
  40   1          Delay_5us();                 //延时
  41   1          SCL = 0;                    //拉低时钟线
  42   1          Delay_5us();                 //延时
  43   1      }
  44          
  45          /**************************************
  46          接收应答信号
  47          **************************************/
  48          bit QMC5883_RecvACK()
  49          {
  50   1          SCL = 1;                    //拉高时钟线
  51   1          Delay_5us();                //延时
  52   1          CY = SDA;                   //进位标志 读应答信号
  53   1          SCL = 0;                    //拉低时钟线
  54   1          Delay_5us();                //延时
C51 COMPILER V9.54   IIC                                                                   09/03/2016 16:53:57 PAGE 2   

  55   1          return CY;
  56   1      }
  57          
  58          /**************************************
  59          向IIC总线发送一个字节数据
  60          **************************************/
  61          void QMC5883_SendByte(u8 dat)
  62          {
  63   1          u8 i;
  64   1      
  65   1          for (i=0; i<8; i++)         //8位计数器
  66   1          {
  67   2              dat <<= 1;              //移出数据的最高位
  68   2              SDA = CY;               //送数据口
  69   2              SCL = 1;                //拉高时钟线
  70   2              Delay_5us();             //延时
  71   2              SCL = 0;                //拉低时钟线
  72   2              Delay_5us();             //延时
  73   2          }
  74   1          QMC5883_RecvACK();
  75   1      }
  76          
  77          /**************************************
  78          从IIC总线接收一个字节数据
  79          **************************************/
  80          u8 QMC5883_RecvByte()
  81          {
  82   1          u8 i;
  83   1          u8 dat = 0;
  84   1      
  85   1          SDA = 1;                    //使能内部上拉,准备读取数据,
  86   1          for (i=0; i<8; i++)         //8位计数器
  87   1          {
  88   2              dat <<= 1;
  89   2              SCL = 1;                //拉高时钟线
  90   2              Delay_5us();             //延时
  91   2              dat |= SDA;             //读数据               
  92   2              SCL = 0;                //拉低时钟线
  93   2              Delay_5us();             //延时
  94   2          }
  95   1          return dat;
  96   1      }
  97          
  98          //************************写入单字节数据***************************
  99          
 100          void Single_Write_QMC5883(u8 REG_Address,u8 REG_data)
 101          {
 102   1          QMC5883_Start();                  //起始信号
 103   1          QMC5883_SendByte(Slave_Address);   //发送设备地址+写信号
 104   1          QMC5883_SendByte(REG_Address);    //内部寄存器地址，请参考中文pdf 
 105   1          QMC5883_SendByte(REG_data);       //内部寄存器数据，请参考中文pdf
 106   1          QMC5883_Stop();                   //发送停止信号
 107   1      }
 108          
 109          //************************读取单字节数据*************************
 110          //u8 Single_Read_QMC5883(u8 REG_Address)
 111          //{   
 112          //      u8 REG_data;
 113          //      QMC5883_Start();                          //起始信号
 114          //      QMC5883_SendByte(Slave_Address);           //发送设备地址+写信号
 115          //      QMC5883_SendByte(REG_Address);            //发送存储单元地址，从0开始   
 116          //      QMC5883_Start();                          //起始信号
C51 COMPILER V9.54   IIC                                                                   09/03/2016 16:53:57 PAGE 3   

 117          //      QMC5883_SendByte(Slave_Address+1);         //发送设备地址+读信号
 118          //      REG_data=QMC5883_RecvByte();              //读出寄存器数据
 119          //      QMC5883_SendACK(1);   
 120          //      QMC5883_Stop();                           //停止信号
 121          //  return REG_data; 
 122          //}
 123          
 124          //******************************************************
 125          //连续读出QMC5883内部角度数据，地址范围0x00~0x05
 126          //******************************************************
 127          void Multiple_Read_QMC5883(void)
 128          {   
 129   1          u8 i;
 130   1          QMC5883_Start();                          //起始信号
 131   1          QMC5883_SendByte(Slave_Address);          //发送设备地址+写信号
 132   1          QMC5883_SendByte(0x00);                   //发送存储单元地址，从0x00开始    
 133   1          QMC5883_Start();                          //起始信号
 134   1          QMC5883_SendByte(Slave_Address+1);        //发送设备地址+读信号
 135   1               for (i=0; i<6; i++)                      //连续读取6个地址数据，存储中BUF
 136   1          {
 137   2              BUF[i] = QMC5883_RecvByte();          //BUF[0]存储数据
 138   2              if (i == 5)
 139   2              {
 140   3                 QMC5883_SendACK(1);                //最后一个数据需要回非应答NOACK
 141   3              }
 142   2              else
 143   2              {
 144   3                QMC5883_SendACK(0);                 //应答ACK
 145   3             }
 146   2         }
 147   1          QMC5883_Stop();                           //停止信号
 148   1          Delay_ms(5);
 149   1      }
 150          
 151          //初始化QMC5883，根据需要请参考pdf进行修改****
 152          void Init_QMC5883()
 153          {
 154   1      
 155   1              Single_Write_QMC5883(0x09,0x0d);  //控制寄存器配置
 156   1              Single_Write_QMC5883(0x0b,0x01);  //设置清除时间寄存器
 157   1              Single_Write_QMC5883(0x20,0x40);  //
 158   1              Single_Write_QMC5883(0x21,0x01);  //    
 159   1      }
 160          
 161          
 162          
 163          
 164          
 165          
 166          
 167          
 168          
 169          
 170          
 171          
 172          
 173          
 174          
 175          
 176          
 177          
 178          
C51 COMPILER V9.54   IIC                                                                   09/03/2016 16:53:57 PAGE 4   

 179          
 180          
 181          
 182          
 183          
 184          
 185          
 186          
 187          
 188          


MODULE INFORMATION:   STATIC OVERLAYABLE
   CODE SIZE        =    250    ----
   CONSTANT SIZE    =   ----    ----
   XDATA SIZE       =   ----    ----
   PDATA SIZE       =   ----    ----
   DATA SIZE        =   ----       7
   IDATA SIZE       =   ----    ----
   BIT SIZE         =   ----       1
END OF MODULE INFORMATION.


C51 COMPILATION COMPLETE.  0 WARNING(S),  0 ERROR(S)
