C51 COMPILER V9.54   LCD                                                                   09/03/2016 16:53:57 PAGE 1   


C51 COMPILER V9.54, COMPILATION OF MODULE LCD
OBJECT MODULE PLACED IN .\Objects\lcd.obj
COMPILER INVOKED BY: h:\Keil_v5\C51\BIN\C51.EXE lcd.c OPTIMIZE(8,SPEED) BROWSE DEBUG OBJECTEXTEND PRINT(.\Listings\lcd.l
                    -st) OBJECT(.\Objects\lcd.obj)

line level    source

   1          
   2          #include "lcd.h"
   3          
   4          
   5          
   6          /**************延时函数*****************/
   7          
   8          void Delay_5us()
   9          {
  10   1              _nop_();_nop_();_nop_();_nop_();
  11   1              _nop_();_nop_();_nop_();_nop_();
  12   1              _nop_();_nop_();_nop_();_nop_();
  13   1              _nop_();_nop_();_nop_();_nop_();
  14   1              _nop_();_nop_();_nop_();_nop_();
  15   1              _nop_();_nop_();_nop_();_nop_();
  16   1              _nop_();_nop_();_nop_();_nop_();
  17   1              _nop_();_nop_();_nop_();_nop_();
  18   1      }
  19          void Delay_ms(u16 t)    
  20          {                                               
  21   1              u16 i,j;                                
  22   1              for(i=t;i>0;i--)
  23   1              for(j=121;j>0;j--);                                             
  24   1      }
  25          
  26          
  27          
  28          
  29          /***************等待LCD使能****************/
  30          void Wait_For_Enable(void)      
  31          {                                       
  32   1              Data_Port=0xff;         
  33   1              LCD_RS=0;
  34   1              LCD_RW=1;
  35   1              _nop_();
  36   1              LCD_EN=1;
  37   1              _nop_();
  38   1              _nop_();
  39   1              while(Data_Port&0x80);  
  40   1              LCD_EN=0;                               
  41   1      }                                       
  42          /**************写LCD命令函数*****************/
  43          void Write_Command_LCD(u8 CMD,u8 Attribc)
  44          {                                       
  45   1              if(Attribc)Wait_For_Enable();   
  46   1              LCD_RS=0;
  47   1              LCD_RW=0;
  48   1              _nop_();
  49   1              Data_Port=CMD;
  50   1              _nop_();        
  51   1              LCD_EN=1;
  52   1              _nop_();
  53   1              _nop_();
  54   1              LCD_EN=0;
C51 COMPILER V9.54   LCD                                                                   09/03/2016 16:53:57 PAGE 2   

  55   1      }                                       
  56          /**************写LCD数据寄存器*****************/
  57          void Write_Data_LCD(u8 dataW)
  58          {                                       
  59   1              Wait_For_Enable();              
  60   1              LCD_RS=1;
  61   1              LCD_RW=0;
  62   1              _nop_();
  63   1              Data_Port=dataW;
  64   1              _nop_();        
  65   1              LCD_EN=1;
  66   1              _nop_();
  67   1              _nop_();
  68   1              LCD_EN=0;
  69   1      }               
  70          /****************初始化LCD*******************/
  71          void Init_Lcd()                         
  72          {                       
  73   1              Write_Command_LCD(0x38,1);      
  74   1              Write_Command_LCD(0x08,1);      
  75   1              Write_Command_LCD(0x01,1);      
  76   1              Write_Command_LCD(0x06,1);      
  77   1              Write_Command_LCD(0x0c,1);
  78   1      }                       
  79          /****************显示一个字符*******************/
  80          void Display_One_Char(u8 X,u8 Y,u8 DData)
  81          {                                               
  82   1              Y&=1;                                           
  83   1              X&=15;                                          
  84   1              if(Y)X|=0x40;                                   
  85   1              X|=0x80;                        
  86   1              Write_Command_LCD(X,0);         
  87   1              Write_Data_LCD(DData);          
  88   1      }                                               
  89          
  90          
  91          
  92          
  93          
  94          
  95          
  96          
  97          
  98          
  99          
 100          
 101          
 102          
 103          
 104          


MODULE INFORMATION:   STATIC OVERLAYABLE
   CODE SIZE        =    180    ----
   CONSTANT SIZE    =   ----    ----
   XDATA SIZE       =   ----    ----
   PDATA SIZE       =   ----    ----
   DATA SIZE        =   ----    ----
   IDATA SIZE       =   ----    ----
   BIT SIZE         =   ----    ----
END OF MODULE INFORMATION.


C51 COMPILATION COMPLETE.  0 WARNING(S),  0 ERROR(S)
